1777142327.144874 client started (8953): version 3.6a, socket /tmp/tmux-1000/default, protocol 8
1777142327.144908 on Linux 6.12.82 #1-NixOS SMP PREEMPT_DYNAMIC Sat Apr 18 08:41:59 UTC 2026
1777142327.144923 using libevent 2.1.12-stable poll
1777142327.144937 using utf8proc 2.11.2
1777142327.144943 using ncurses 6.5 20240427
1777142327.144968 flags are 0x10010000
1777142327.144987 socket is /tmp/tmux-1000/default
1777142327.145003 trying connect
1777142327.145039 add peer 0x601db3889220: 6 ((nil))
1777142327.145472 sending message 111 to peer 0x601db3889220 (8 bytes)
1777142327.145489 sending message 111 to peer 0x601db3889220 (8 bytes)
1777142327.145498 sending message 101 to peer 0x601db3889220 (16 bytes)
1777142327.145505 sending message 109 to peer 0x601db3889220 (4 bytes)
1777142327.145512 sending message 102 to peer 0x601db3889220 (11 bytes)
1777142327.145520 sending message 108 to peer 0x601db3889220 (24 bytes)
1777142327.145527 sending message 112 to peer 0x601db3889220 (70 bytes)
1777142327.145534 sending message 112 to peer 0x601db3889220 (5 bytes)
1777142327.145542 sending message 112 to peer 0x601db3889220 (5 bytes)
1777142327.145549 sending message 112 to peer 0x601db3889220 (6 bytes)
1777142327.145556 sending message 112 to peer 0x601db3889220 (6 bytes)
1777142327.145563 sending message 112 to peer 0x601db3889220 (11 bytes)
1777142327.145570 sending message 112 to peer 0x601db3889220 (10 bytes)
1777142327.145577 sending message 112 to peer 0x601db3889220 (13 bytes)
1777142327.145585 sending message 112 to peer 0x601db3889220 (13 bytes)
1777142327.145592 sending message 112 to peer 0x601db3889220 (18 bytes)
1777142327.145599 sending message 112 to peer 0x601db3889220 (11 bytes)
1777142327.145606 sending message 112 to peer 0x601db3889220 (21 bytes)
1777142327.145613 sending message 112 to peer 0x601db3889220 (13 bytes)
1777142327.145620 sending message 112 to peer 0x601db3889220 (7 bytes)
1777142327.145627 sending message 112 to peer 0x601db3889220 (13 bytes)
1777142327.145634 sending message 112 to peer 0x601db3889220 (7 bytes)
1777142327.145641 sending message 112 to peer 0x601db3889220 (13 bytes)
1777142327.145648 sending message 112 to peer 0x601db3889220 (9 bytes)
1777142327.145655 sending message 112 to peer 0x601db3889220 (21 bytes)
1777142327.145662 sending message 112 to peer 0x601db3889220 (13 bytes)
1777142327.145669 sending message 112 to peer 0x601db3889220 (8 bytes)
1777142327.145676 sending message 112 to peer 0x601db3889220 (12 bytes)
1777142327.145683 sending message 112 to peer 0x601db3889220 (13 bytes)
1777142327.145690 sending message 112 to peer 0x601db3889220 (9 bytes)
1777142327.145697 sending message 112 to peer 0x601db3889220 (9 bytes)
1777142327.145704 sending message 112 to peer 0x601db3889220 (12 bytes)
1777142327.145711 sending message 112 to peer 0x601db3889220 (8 bytes)
1777142327.145718 sending message 112 to peer 0x601db3889220 (7 bytes)
1777142327.145725 sending message 112 to peer 0x601db3889220 (7 bytes)
1777142327.145732 sending message 112 to peer 0x601db3889220 (9 bytes)
1777142327.145739 sending message 112 to peer 0x601db3889220 (13 bytes)
1777142327.145746 sending message 112 to peer 0x601db3889220 (9 bytes)
1777142327.145753 sending message 112 to peer 0x601db3889220 (15 bytes)
1777142327.145760 sending message 112 to peer 0x601db3889220 (13 bytes)
1777142327.145767 sending message 112 to peer 0x601db3889220 (12 bytes)
1777142327.145774 sending message 112 to peer 0x601db3889220 (8 bytes)
1777142327.145781 sending message 112 to peer 0x601db3889220 (14 bytes)
1777142327.145788 sending message 112 to peer 0x601db3889220 (9 bytes)
1777142327.145795 sending message 112 to peer 0x601db3889220 (10 bytes)
1777142327.145802 sending message 112 to peer 0x601db3889220 (10 bytes)
1777142327.145809 sending message 112 to peer 0x601db3889220 (10 bytes)
1777142327.145816 sending message 112 to peer 0x601db3889220 (10 bytes)
1777142327.145823 sending message 112 to peer 0x601db3889220 (11 bytes)
1777142327.145830 sending message 112 to peer 0x601db3889220 (10 bytes)
1777142327.145837 sending message 112 to peer 0x601db3889220 (8 bytes)
1777142327.145860 sending message 112 to peer 0x601db3889220 (11 bytes)
1777142327.145868 sending message 112 to peer 0x601db3889220 (11 bytes)
1777142327.145876 sending message 112 to peer 0x601db3889220 (11 bytes)
1777142327.145883 sending message 112 to peer 0x601db3889220 (8 bytes)
1777142327.145890 sending message 112 to peer 0x601db3889220 (8 bytes)
1777142327.145897 sending message 112 to peer 0x601db3889220 (8 bytes)
1777142327.145904 sending message 112 to peer 0x601db3889220 (10 bytes)
1777142327.145911 sending message 112 to peer 0x601db3889220 (10 bytes)
1777142327.145915 sending message 112 to peer 0x601db3889220 (10 bytes)
1777142327.145917 sending message 112 to peer 0x601db3889220 (10 bytes)
1777142327.145919 sending message 112 to peer 0x601db3889220 (10 bytes)
1777142327.145920 sending message 112 to peer 0x601db3889220 (11 bytes)
1777142327.145922 sending message 112 to peer 0x601db3889220 (11 bytes)
1777142327.145924 sending message 112 to peer 0x601db3889220 (10 bytes)
1777142327.145926 sending message 112 to peer 0x601db3889220 (9 bytes)
1777142327.145928 sending message 112 to peer 0x601db3889220 (9 bytes)
1777142327.145930 sending message 112 to peer 0x601db3889220 (12 bytes)
1777142327.145932 sending message 112 to peer 0x601db3889220 (9 bytes)
1777142327.145934 sending message 112 to peer 0x601db3889220 (6 bytes)
1777142327.145936 sending message 112 to peer 0x601db3889220 (13 bytes)
1777142327.145938 sending message 112 to peer 0x601db3889220 (8 bytes)
1777142327.145940 sending message 112 to peer 0x601db3889220 (15 bytes)
1777142327.145942 sending message 112 to peer 0x601db3889220 (13 bytes)
1777142327.145944 sending message 112 to peer 0x601db3889220 (70 bytes)
1777142327.145946 sending message 112 to peer 0x601db3889220 (69 bytes)
1777142327.145948 sending message 112 to peer 0x601db3889220 (10 bytes)
1777142327.145949 sending message 112 to peer 0x601db3889220 (8 bytes)
1777142327.145951 sending message 112 to peer 0x601db3889220 (15 bytes)
1777142327.145953 sending message 112 to peer 0x601db3889220 (13 bytes)
1777142327.145955 sending message 112 to peer 0x601db3889220 (10 bytes)
1777142327.145957 sending message 112 to peer 0x601db3889220 (10 bytes)
1777142327.145959 sending message 112 to peer 0x601db3889220 (5 bytes)
1777142327.145961 sending message 112 to peer 0x601db3889220 (15 bytes)
1777142327.145963 sending message 104 to peer 0x601db3889220 (0 bytes)
1777142327.145965 sending message 110 to peer 0x601db3889220 (0 bytes)
1777142327.145967 sending message 107 to peer 0x601db3889220 (4 bytes)
1777142327.145969 sending message 105 to peer 0x601db3889220 (37 bytes)
1777142327.145971 sending message 105 to peer 0x601db3889220 (31 bytes)
1777142327.145973 sending message 105 to peer 0x601db3889220 (15 bytes)
1777142327.145975 sending message 105 to peer 0x601db3889220 (27 bytes)
1777142327.145977 sending message 105 to peer 0x601db3889220 (165 bytes)
1777142327.145979 sending message 105 to peer 0x601db3889220 (14 bytes)
1777142327.145981 sending message 105 to peer 0x601db3889220 (16 bytes)
1777142327.145983 sending message 105 to peer 0x601db3889220 (90 bytes)
1777142327.145985 sending message 105 to peer 0x601db3889220 (31 bytes)
1777142327.145987 sending message 105 to peer 0x601db3889220 (58 bytes)
1777142327.145989 sending message 105 to peer 0x601db3889220 (395 bytes)
1777142327.145991 sending message 105 to peer 0x601db3889220 (22 bytes)
1777142327.145993 sending message 105 to peer 0x601db3889220 (385 bytes)
1777142327.145995 sending message 105 to peer 0x601db3889220 (35 bytes)
1777142327.145997 sending message 105 to peer 0x601db3889220 (25 bytes)
1777142327.145999 sending message 105 to peer 0x601db3889220 (12 bytes)
1777142327.146001 sending message 105 to peer 0x601db3889220 (215 bytes)
1777142327.146003 sending message 105 to peer 0x601db3889220 (155 bytes)
1777142327.146004 sending message 105 to peer 0x601db3889220 (11 bytes)
1777142327.146006 sending message 105 to peer 0x601db3889220 (21 bytes)
1777142327.146008 sending message 105 to peer 0x601db3889220 (687 bytes)
1777142327.146013 sending message 105 to peer 0x601db3889220 (35 bytes)
1777142327.146015 sending message 105 to peer 0x601db3889220 (43 bytes)
1777142327.146017 sending message 105 to peer 0x601db3889220 (2473 bytes)
1777142327.146026 sending message 105 to peer 0x601db3889220 (26 bytes)
1777142327.146028 sending message 105 to peer 0x601db3889220 (26 bytes)
1777142327.146030 sending message 105 to peer 0x601db3889220 (54 bytes)
1777142327.146032 sending message 105 to peer 0x601db3889220 (35 bytes)
1777142327.146034 sending message 105 to peer 0x601db3889220 (54 bytes)
1777142327.146035 sending message 105 to peer 0x601db3889220 (19 bytes)
1777142327.146037 sending message 105 to peer 0x601db3889220 (20 bytes)
1777142327.146039 sending message 105 to peer 0x601db3889220 (20 bytes)
1777142327.146041 sending message 105 to peer 0x601db3889220 (525 bytes)
1777142327.146043 sending message 105 to peer 0x601db3889220 (38 bytes)
1777142327.146045 sending message 105 to peer 0x601db3889220 (60 bytes)
1777142327.146047 sending message 105 to peer 0x601db3889220 (23 bytes)
1777142327.146049 sending message 105 to peer 0x601db3889220 (38 bytes)
1777142327.146051 sending message 105 to peer 0x601db3889220 (18 bytes)
1777142327.146053 sending message 105 to peer 0x601db3889220 (17 bytes)
1777142327.146055 sending message 105 to peer 0x601db3889220 (2331 bytes)
1777142327.146057 sending message 105 to peer 0x601db3889220 (51 bytes)
1777142327.146059 sending message 105 to peer 0x601db3889220 (23 bytes)
1777142327.146061 sending message 105 to peer 0x601db3889220 (16 bytes)
1777142327.146063 sending message 105 to peer 0x601db3889220 (39 bytes)
1777142327.146065 sending message 105 to peer 0x601db3889220 (125 bytes)
1777142327.146067 sending message 105 to peer 0x601db3889220 (109 bytes)
1777142327.146069 sending message 105 to peer 0x601db3889220 (20 bytes)
1777142327.146071 sending message 105 to peer 0x601db3889220 (16 bytes)
1777142327.146073 sending message 105 to peer 0x601db3889220 (155 bytes)
1777142327.146074 sending message 105 to peer 0x601db3889220 (64 bytes)
1777142327.146076 sending message 105 to peer 0x601db3889220 (301 bytes)
1777142327.146078 sending message 105 to peer 0x601db3889220 (413 bytes)
1777142327.146080 sending message 105 to peer 0x601db3889220 (25 bytes)
1777142327.146082 sending message 105 to peer 0x601db3889220 (83 bytes)
1777142327.146084 sending message 105 to peer 0x601db3889220 (38 bytes)
1777142327.146086 sending message 105 to peer 0x601db3889220 (85 bytes)
1777142327.146088 sending message 105 to peer 0x601db3889220 (107 bytes)
1777142327.146090 sending message 105 to peer 0x601db3889220 (18 bytes)
1777142327.146092 sending message 105 to peer 0x601db3889220 (27 bytes)
1777142327.146094 sending message 105 to peer 0x601db3889220 (878 bytes)
1777142327.146096 sending message 105 to peer 0x601db3889220 (10 bytes)
1777142327.146098 sending message 105 to peer 0x601db3889220 (23 bytes)
1777142327.146100 sending message 105 to peer 0x601db3889220 (17 bytes)
1777142327.146102 sending message 105 to peer 0x601db3889220 (26 bytes)
1777142327.146104 sending message 105 to peer 0x601db3889220 (27 bytes)
1777142327.146106 sending message 105 to peer 0x601db3889220 (11 bytes)
1777142327.146108 sending message 105 to peer 0x601db3889220 (22 bytes)
1777142327.146109 sending message 105 to peer 0x601db3889220 (72 bytes)
1777142327.146112 sending message 105 to peer 0x601db3889220 (13 bytes)
1777142327.146113 sending message 105 to peer 0x601db3889220 (29 bytes)
1777142327.146115 sending message 105 to peer 0x601db3889220 (57 bytes)
1777142327.146117 sending message 105 to peer 0x601db3889220 (26 bytes)
1777142327.146119 sending message 105 to peer 0x601db3889220 (28 bytes)
1777142327.146121 sending message 105 to peer 0x601db3889220 (22 bytes)
1777142327.146123 sending message 105 to peer 0x601db3889220 (17 bytes)
1777142327.146125 sending message 105 to peer 0x601db3889220 (21 bytes)
1777142327.146127 sending message 105 to peer 0x601db3889220 (20 bytes)
1777142327.146131 sending message 105 to peer 0x601db3889220 (35 bytes)
1777142327.146133 sending message 105 to peer 0x601db3889220 (258 bytes)
1777142327.146135 sending message 105 to peer 0x601db3889220 (12 bytes)
1777142327.146137 sending message 105 to peer 0x601db3889220 (23 bytes)
1777142327.146139 sending message 105 to peer 0x601db3889220 (33 bytes)
1777142327.146141 sending message 105 to peer 0x601db3889220 (13 bytes)
1777142327.146143 sending message 105 to peer 0x601db3889220 (13 bytes)
1777142327.146145 sending message 105 to peer 0x601db3889220 (47 bytes)
1777142327.146147 sending message 105 to peer 0x601db3889220 (167 bytes)
1777142327.146149 sending message 105 to peer 0x601db3889220 (23 bytes)
1777142327.146150 sending message 105 to peer 0x601db3889220 (18 bytes)
1777142327.146152 sending message 105 to peer 0x601db3889220 (8 bytes)
1777142327.146154 sending message 106 to peer 0x601db3889220 (0 bytes)
1777142327.146176 sending message 200 to peer 0x601db3889220 (4 bytes)
1777142327.146178 client loop enter
1777142327.146319 peer 0x601db3889220 message 303
1777142327.146322 open write file 2 -
1777142327.146329 sending message 305 to peer 0x601db3889220 (8 bytes)
1777142327.146333 write check file 2
1777142327.146353 peer 0x601db3889220 message 304
1777142327.146357 write 58 to file 2
1777142327.146366 peer 0x601db3889220 message 203
1777142327.146368 file 2 58 bytes left
1777142327.146374 write check file 2
1777142327.146376 client loop exit
